<?xml version="1.0" encoding="UTF-8"?>
<!-- Generated by org.testng.reporters.JUnitXMLReporter -->
<testsuite ignored="0" hostname="INNOWAVE-644" failures="1" tests="4" name="Default test" time="26.083" errors="0" timestamp="2022-06-22T09:59:07 WEST">
  <testcase classname="io.cucumber.testng.AbstractTestNGCucumberTests" name="runScenario" time="21.47"/>
  <testcase classname="io.cucumber.testng.AbstractTestNGCucumberTests" name="runScenario" time="22.667"/>
  <testcase classname="io.cucumber.testng.AbstractTestNGCucumberTests" name="runScenario" time="23.802"/>
  <testcase classname="io.cucumber.testng.AbstractTestNGCucumberTests" name="runScenario" time="24.217">
    <failure type="java.lang.AssertionError" message="expected:&amp;lt;No data&amp;gt; but was:&amp;lt;Beetroot&amp;gt;">
      <![CDATA[java.lang.AssertionError: expected:<No data> but was:<Beetroot>
at org.testng.AssertJUnit.assertEquals(AssertJUnit.java:115)
at org.testng.AssertJUnit.assertEquals(AssertJUnit.java:125)
at stepDefinitions.OfferPageStepDefinition.validate_product_name_matches_with_landing_page(OfferPageStepDefinition.java:55)
at âœ½.Validate product name matches with Landing Page(file:///C:/Users/rita.trindade/eclipse-workspace/CucumberFramework/src/test/java/features/seachProduct.feature:8)
]]>
    </failure>
  </testcase> <!-- runScenario -->
</testsuite> <!-- Default test -->
