<?xml version="1.0" encoding="UTF-8"?>
<!-- Generated by org.testng.reporters.JUnitReportReporter -->
<testsuite hostname="INNOWAVE-644" failures="1" tests="4" name="cucumberOptions.TestNGTestRunner" time="92.156" errors="0" timestamp="2022-06-22T09:59:07 WEST" skipped="0">
  <testcase classname="cucumberOptions.TestNGTestRunner" name="runScenario" time="21.470"/>
  <system-out/>
  <testcase classname="cucumberOptions.TestNGTestRunner" name="runScenario" time="24.217">
    <failure message="expected:&lt;No data&gt; but was:&lt;Beetroot&gt;" type="java.lang.AssertionError">
      <![CDATA[java.lang.AssertionError: expected:<No data> but was:<Beetroot>
at org.testng.AssertJUnit.assertEquals(AssertJUnit.java:115)
at org.testng.AssertJUnit.assertEquals(AssertJUnit.java:125)
at stepDefinitions.OfferPageStepDefinition.validate_product_name_matches_with_landing_page(OfferPageStepDefinition.java:55)
at âœ½.Validate product name matches with Landing Page(file:///C:/Users/rita.trindade/eclipse-workspace/CucumberFramework/src/test/java/features/seachProduct.feature:8)
]]>
    </failure>
  </testcase> <!-- runScenario -->
  <system-out/>
  <testcase classname="cucumberOptions.TestNGTestRunner" name="runScenario" time="22.667"/>
  <system-out/>
  <testcase classname="cucumberOptions.TestNGTestRunner" name="runScenario" time="23.802"/>
  <system-out/>
</testsuite> <!-- cucumberOptions.TestNGTestRunner -->
